<?xml version="1.0" encoding="UTF-8"?>
<!-- Generated by org.testng.reporters.JUnitReportReporter -->
<testsuite hostname="MKD-CORP-BCP081" failures="0" tests="3" name="com.cyient.test.SignInTest" time="65.764" errors="0" timestamp="2021-06-13T15:48:49 IST" skipped="0">
  <testcase classname="com.cyient.test.SignInTest" name="placeAnOrder" time="41.744"/>
  <system-out/>
  <testcase classname="com.cyient.test.SignInTest" name="emptyPhoneNo" time="11.529"/>
  <system-out/>
  <testcase classname="com.cyient.test.SignInTest" name="emptyEmail" time="12.491"/>
  <system-out/>
</testsuite> <!-- com.cyient.test.SignInTest -->
