<?xml version="1.0" encoding="UTF-8"?>
<!-- Generated by org.testng.reporters.JUnitReportReporter -->
<testsuite hostname="MKD-CORP-BCP081" failures="0" tests="1" name="com.cyient.test.SignInTest" time="41.281" errors="0" timestamp="2021-06-19T14:07:08 IST" skipped="0">
  <testcase classname="com.cyient.test.SignInTest" name="emptyEmail" time="41.281"/>
  <system-out/>
</testsuite> <!-- com.cyient.test.SignInTest -->
